[debug] [2022-11-11T17:58:03.495Z] ----------------------------------------------------------------------
[debug] [2022-11-11T17:58:03.496Z] Command:       /usr/local/bin/node /usr/local/bin/firebase init
[debug] [2022-11-11T17:58:03.496Z] CLI Version:   11.16.0
[debug] [2022-11-11T17:58:03.497Z] Platform:      darwin
[debug] [2022-11-11T17:58:03.497Z] Node Version:  v18.12.0
[debug] [2022-11-11T17:58:03.498Z] Time:          Fri Nov 11 2022 23:28:03 GMT+0530 (India Standard Time)
[debug] [2022-11-11T17:58:03.498Z] ----------------------------------------------------------------------
[debug] 
[debug] [2022-11-11T17:58:03.502Z] > command requires scopes: ["email","openid","https://www.googleapis.com/auth/cloudplatformprojects.readonly","https://www.googleapis.com/auth/firebase","https://www.googleapis.com/auth/cloud-platform"]
[debug] [2022-11-11T17:58:03.502Z] > authorizing via signed-in user (prathya2410@gmail.com)
[info] 
     ######## #### ########  ######## ########     ###     ######  ########
     ##        ##  ##     ## ##       ##     ##  ##   ##  ##       ##
     ######    ##  ########  ######   ########  #########  ######  ######
     ##        ##  ##    ##  ##       ##     ## ##     ##       ## ##
     ##       #### ##     ## ######## ########  ##     ##  ######  ########

You're about to initialize a Firebase project in this directory:

  /Users/prathyathakur/programming/web_development/Web App Projects/disneyplus_clone

[info] 
=== Project Setup
[info] 
[info] First, let's associate this project directory with a Firebase project.
[info] You can create multiple project aliases by running firebase use --add, 
[info] but for now we'll just set up a default project.
[info] 
[debug] [2022-11-11T17:59:20.264Z] >>> [apiv2][query] GET https://firebase.googleapis.com/v1beta1/projects pageSize=100
[debug] [2022-11-11T17:59:21.371Z] <<< [apiv2][status] GET https://firebase.googleapis.com/v1beta1/projects 200
[debug] [2022-11-11T17:59:21.371Z] <<< [apiv2][body] GET https://firebase.googleapis.com/v1beta1/projects [omitted]
[info] i  Using project disneyplus-clone-d85fa (disneyplus-clone) 
[info] 
=== Hosting Setup
[info] 
[info] Your public directory is the folder (relative to your project directory) that
[info] will contain Hosting assets to be uploaded with firebase deploy. If you
[info] have a build process for your assets, use your build's output directory.
[info] 
